<?xml version="1.0" encoding="UTF-8"?>
<!-- Generated by org.testng.reporters.JUnitXMLReporter -->
<testsuite ignored="0" hostname="THR012-QA" failures="0" tests="2" name="Default test" time="16.33" errors="0" timestamp="25 Apr 2019 16:20:44 GMT">
  <testcase classname="com.techbeamers.testing.SeleniumWebdriverTest" name="MyFirstTestNGTestCase" time="2.574"/>
  <testcase classname="com.techbeamers.testing.SeleniumWebdriverTest" name="MySecondTestNGTestCase" time="2.55"/>
</testsuite> <!-- Default test -->
