<?xml version="1.0" encoding="UTF-8"?>
<!-- Generated by org.testng.reporters.JUnitXMLReporter -->
<testsuite ignored="0" hostname="THR012-QA" failures="0" tests="2" name="TestTest" time="16.141" errors="0" timestamp="25 Apr 2019 16:21:06 GMT">
  <testcase classname="com.techbeamers.testing.SeleniumWebdriverTest" name="MyFirstTestNGTestCase" time="2.812"/>
  <testcase classname="com.techbeamers.testing.SeleniumWebdriverTest" name="MySecondTestNGTestCase" time="2.567"/>
</testsuite> <!-- TestTest -->
